<?xml version="1.0" encoding="UTF-8"?>
<testsuite xmlns:xsi="http://www.w3.org/2001/XMLSchema-instance" xsi:noNamespaceSchemaLocation="https://maven.apache.org/surefire/maven-surefire-plugin/xsd/surefire-test-report-3.0.xsd" version="3.0" name="minesweeper.BoardTest" time="0.083" tests="14" errors="0" skipped="0" failures="0">
  <properties>
[...]
</properties>
  <testcase name="flaggedCellCannotBeRevealed" classname="minesweeper.BoardTest" time="0.025"/>
  <testcase name="totalMinesCountIsCorrect" classname="minesweeper.BoardTest" time="0.001"/>
  <testcase name="noActionsAfterGameOver" classname="minesweeper.BoardTest" time="0.001"/>
  <testcase name="adjacentMineCountsAreCorrect" classname="minesweeper.BoardTest" time="0.008"/>
  <testcase name="firstClickTransitionsToPlaying" classname="minesweeper.BoardTest" time="0.001"/>
  <testcase name="revealedCellStateIsRevealed" classname="minesweeper.BoardTest" time="0.001"/>
  <testcase name="winOnSmallBoardWithOneMine" classname="minesweeper.BoardTest" time="0.001"/>
  <testcase name="flagTogglesState" classname="minesweeper.BoardTest" time="0.001"/>
  <testcase name="gameOverWhenMineRevealed" classname="minesweeper.BoardTest" time="0.001"/>
  <testcase name="allCellsHiddenAtStart" classname="minesweeper.BoardTest" time="0.001"/>
  <testcase name="initialStateIsWaiting" classname="minesweeper.BoardTest" time="0.001"/>
  <testcase name="firstClickNeighboursAreNeverMines" classname="minesweeper.BoardTest" time="0.004"/>
  <testcase name="remainingMinesCountUpdatesWithFlags" classname="minesweeper.BoardTest" time="0.001"/>
  <testcase name="firstClickCellIsNeverAMine" classname="minesweeper.BoardTest" time="0.005"/>
</testsuite>